15:03:39: Creating resource group General
15:03:39: Creating resource group Internal
15:03:39: Creating resource group Autodetect
15:03:39: SceneManagerFactory for type 'DefaultSceneManager' registered.
15:03:39: Registering ResourceManager for type Material
15:03:39: Registering ResourceManager for type Mesh
15:03:39: Registering ResourceManager for type Skeleton
15:03:39: MovableObjectFactory for type 'ParticleSystem' registered.
15:03:39: ArchiveFactory for archive type FileSystem registered.
15:03:39: ArchiveFactory for archive type Zip registered.
15:03:39: ArchiveFactory for archive type EmbeddedZip registered.
15:03:39: DDS codec registering
15:03:39: FreeImage version: 3.15.3
15:03:39: This program uses FreeImage, a free, open source image library supporting all common bitmap formats. See http://freeimage.sourceforge.net for details
15:03:39: Supported formats: bmp,ico,jpg,jif,jpeg,jpe,jng,koa,iff,lbm,mng,pbm,pbm,pcd,pcx,pgm,pgm,png,ppm,ppm,ras,tga,targa,tif,tiff,wap,wbmp,wbm,psd,cut,xbm,xpm,gif,hdr,g3,sgi,exr,j2k,j2c,jp2,pfm,pct,pict,pic
15:03:39: Registering ResourceManager for type HighLevelGpuProgram
15:03:39: Registering ResourceManager for type Compositor
15:03:39: MovableObjectFactory for type 'Entity' registered.
15:03:39: MovableObjectFactory for type 'Light' registered.
15:03:39: MovableObjectFactory for type 'BillboardSet' registered.
15:03:39: MovableObjectFactory for type 'ManualObject' registered.
15:03:39: MovableObjectFactory for type 'BillboardChain' registered.
15:03:39: MovableObjectFactory for type 'RibbonTrail' registered.
15:03:39: OGRE EXCEPTION(6:FileNotFoundException): 'plugins_d.cfg' file not found! in ConfigFile::load at C:\Users\ruttan\Desktop\classENV\ogre9src\OgreMain\src\OgreConfigFile.cpp (line 82)
15:03:39: plugins_d.cfg not found, automatic plugin loading disabled.
15:03:39: *-*-* OGRE Initialising
15:03:39: *-*-* Version 1.9.0 (Ghadamon)
15:03:39: OGRE EXCEPTION(6:FileNotFoundException): 'resources_d.cfg' file not found! in ConfigFile::load at C:\Users\ruttan\Desktop\classENV\ogre9src\OgreMain\src\OgreConfigFile.cpp (line 82)
15:03:44: *-*-* OGRE Shutdown
15:03:44: Unregistering ResourceManager for type Compositor
15:03:44: Unregistering ResourceManager for type Skeleton
15:03:44: Unregistering ResourceManager for type Mesh
15:03:44: Unregistering ResourceManager for type HighLevelGpuProgram
15:03:44: Unregistering ResourceManager for type Material
